<?xml version="1.0" encoding="UTF-8" ?>
<testsuite errors="0" failures="0" hostname="DWNPCPU043" name="racetrack.RaceTests" tests="1" time="1.285" timestamp="2013-11-13T07:40:59">
  <properties />
  <testcase classname="racetrack.RaceTests" name="testSomething" time="0.247" />
  <system-out><![CDATA[--Output from testSomething--
]]></system-out>
  <system-err><![CDATA[--Output from testSomething--
]]></system-err>
</testsuite>
