<?xml version="1.0" encoding="UTF-8" ?>
<testsuite errors="0" failures="0" hostname="DWNPCPU043" name="racetrack.RegistrationControllerTests" tests="1" time="0.271" timestamp="2013-11-15T10:51:53">
  <properties />
  <testcase classname="racetrack.RegistrationControllerTests" name="testSomething" time="0.268" />
  <system-out><![CDATA[--Output from testSomething--
]]></system-out>
  <system-err><![CDATA[--Output from testSomething--
]]></system-err>
</testsuite>
