<?xml version="1.0" encoding="UTF-8" ?>
<testsuite errors="0" failures="0" hostname="DWNPCPU043" name="racetrack.RaceControllerTests" tests="1" time="1.885" timestamp="2013-11-13T07:41:02">
  <properties />
  <testcase classname="racetrack.RaceControllerTests" name="testSomething" time="1.564" />
  <system-out><![CDATA[--Output from testSomething--
]]></system-out>
  <system-err><![CDATA[--Output from testSomething--
]]></system-err>
</testsuite>
