<?xml version="1.0" encoding="UTF-8" ?>
<testsuite errors="0" failures="0" hostname="DWNPCPU043" name="racetrack.RaceTests" tests="1" time="0.178" timestamp="2013-11-13T07:41:16">
  <properties />
  <testcase classname="racetrack.RaceTests" name="testRaceDatesBeforeToday" time="0.177" />
  <system-out><![CDATA[--Output from testRaceDatesBeforeToday--
]]></system-out>
  <system-err><![CDATA[--Output from testRaceDatesBeforeToday--
]]></system-err>
</testsuite>
