<?xml version="1.0" encoding="UTF-8" ?>
<testsuite errors="0" failures="0" hostname="DWNPCPU043" name="racetrack.UserControllerTests" tests="3" time="2.486" timestamp="2013-11-15T10:51:49">
  <properties />
  <testcase classname="racetrack.UserControllerTests" name="testIndex" time="0.82" />
  <testcase classname="racetrack.UserControllerTests" name="testShow" time="1.355" />
  <testcase classname="racetrack.UserControllerTests" name="testAuthenticate" time="0.186" />
  <system-out><![CDATA[--Output from testIndex--
--Output from testShow--
--Output from testAuthenticate--
]]></system-out>
  <system-err><![CDATA[--Output from testIndex--
--Output from testShow--
--Output from testAuthenticate--
]]></system-err>
</testsuite>
