<?xml version="1.0" encoding="UTF-8" ?>
<testsuite errors="0" failures="0" hostname="DWNPCPU043" name="racetrack.UserTests" tests="2" time="0.51" timestamp="2013-11-15T10:51:52">
  <properties />
  <testcase classname="racetrack.UserTests" name="testSimpleConstraints" time="0.268" />
  <testcase classname="racetrack.UserTests" name="testUniqueConstraint" time="0.097" />
  <system-out><![CDATA[--Output from testSimpleConstraints--
--Output from testUniqueConstraint--
]]></system-out>
  <system-err><![CDATA[--Output from testSimpleConstraints--
--Output from testUniqueConstraint--
]]></system-err>
</testsuite>
