<?xml version="1.0" encoding="UTF-8" ?>
<testsuite errors="0" failures="0" hostname="DWNPCPU043" name="racetrack.FooterTagLibTests" tests="1" time="1.891" timestamp="2013-11-15T10:51:45">
  <properties />
  <testcase classname="racetrack.FooterTagLibTests" name="testSomething" time="1.451" />
  <system-out><![CDATA[--Output from testSomething--
]]></system-out>
  <system-err><![CDATA[--Output from testSomething--
]]></system-err>
</testsuite>
